0 info it worked if it ends with ok
1 verbose cli [ 'node',
1 verbose cli   '/usr/local/bin/npm',
1 verbose cli   'install',
1 verbose cli   'express-generator',
1 verbose cli   '-g' ]
2 info using npm@1.4.28
3 info using node@v0.10.35
4 verbose cache add [ 'express-generator', null ]
5 verbose cache add name=undefined spec="express-generator" args=["express-generator",null]
6 verbose parsed url { protocol: null,
6 verbose parsed url   slashes: null,
6 verbose parsed url   auth: null,
6 verbose parsed url   host: null,
6 verbose parsed url   port: null,
6 verbose parsed url   hostname: null,
6 verbose parsed url   hash: null,
6 verbose parsed url   search: null,
6 verbose parsed url   query: null,
6 verbose parsed url   pathname: 'express-generator',
6 verbose parsed url   path: 'express-generator',
6 verbose parsed url   href: 'express-generator' }
7 silly lockFile 198a68d8-express-generator express-generator
8 verbose lock express-generator /Users/Kingsley/.npm/198a68d8-express-generator.lock
9 silly lockFile 198a68d8-express-generator express-generator
10 silly lockFile 198a68d8-express-generator express-generator
11 verbose addNamed [ 'express-generator', '' ]
12 verbose addNamed [ null, '*' ]
13 silly lockFile bd41e3d3-express-generator express-generator@
14 verbose lock express-generator@ /Users/Kingsley/.npm/bd41e3d3-express-generator.lock
15 silly addNameRange { name: 'express-generator', range: '*', hasData: false }
16 verbose request where is /express-generator
17 verbose request registry https://registry.npmjs.org/
18 verbose request id c75648d9d90dc2f8
19 verbose url raw /express-generator
20 verbose url resolving [ 'https://registry.npmjs.org/', './express-generator' ]
21 verbose url resolved https://registry.npmjs.org/express-generator
22 verbose request where is https://registry.npmjs.org/express-generator
23 info trying registry request attempt 1 at 13:51:57
24 verbose etag "5DQOP04TTULD38NE8BZ2Y6LN7"
25 http GET https://registry.npmjs.org/express-generator
26 http 200 https://registry.npmjs.org/express-generator
27 silly registry.get cb [ 200,
27 silly registry.get   { date: 'Tue, 30 Dec 2014 13:51:59 GMT',
27 silly registry.get     server: 'CouchDB/1.5.0 (Erlang OTP/R16B03)',
27 silly registry.get     etag: '"CB483EZVI70F794U4GNSAP8A1"',
27 silly registry.get     'content-type': 'application/json',
27 silly registry.get     'cache-control': 'max-age=60',
27 silly registry.get     'content-length': '12185',
27 silly registry.get     'accept-ranges': 'bytes',
27 silly registry.get     via: '1.1 varnish',
27 silly registry.get     age: '0',
27 silly registry.get     'x-served-by': 'cache-lcy1123-LCY',
27 silly registry.get     'x-cache': 'MISS',
27 silly registry.get     'x-cache-hits': '0',
27 silly registry.get     'x-timer': 'S1419947518.634196,VS0,VE771',
27 silly registry.get     vary: 'Accept',
27 silly registry.get     'keep-alive': 'timeout=10, max=50',
27 silly registry.get     connection: 'Keep-Alive' } ]
28 silly addNameRange number 2 { name: 'express-generator', range: '*', hasData: true }
29 silly addNameRange versions [ 'express-generator',
29 silly addNameRange   [ '1.0.0', '3.0.0', '4.0.0', '4.2.0', '4.8.0', '4.9.0' ] ]
30 verbose addNamed [ 'express-generator', '4.9.0' ]
31 verbose addNamed [ '4.9.0', '4.9.0' ]
32 silly lockFile 0580e4a0-express-generator-4-9-0 express-generator@4.9.0
33 verbose lock express-generator@4.9.0 /Users/Kingsley/.npm/0580e4a0-express-generator-4-9-0.lock
34 silly lockFile 0580e4a0-express-generator-4-9-0 express-generator@4.9.0
35 silly lockFile 0580e4a0-express-generator-4-9-0 express-generator@4.9.0
36 silly lockFile bd41e3d3-express-generator express-generator@
37 silly lockFile bd41e3d3-express-generator express-generator@
38 silly resolved [ { name: 'express-generator',
38 silly resolved     description: 'Express\' application generator',
38 silly resolved     version: '4.9.0',
38 silly resolved     author: { name: 'TJ Holowaychuk', email: 'tj@vision-media.ca' },
38 silly resolved     contributors: [ [Object], [Object], [Object], [Object], [Object] ],
38 silly resolved     keywords:
38 silly resolved      [ 'express',
38 silly resolved        'framework',
38 silly resolved        'sinatra',
38 silly resolved        'web',
38 silly resolved        'rest',
38 silly resolved        'restful',
38 silly resolved        'router',
38 silly resolved        'app',
38 silly resolved        'api' ],
38 silly resolved     repository: { type: 'git', url: 'https://github.com/expressjs/generator' },
38 silly resolved     license: 'MIT',
38 silly resolved     dependencies: { commander: '1.3.2', mkdirp: '0.5.0' },
38 silly resolved     main: 'bin/express',
38 silly resolved     preferGlobal: true,
38 silly resolved     bin: { express: './bin/express' },
38 silly resolved     devDependencies:
38 silly resolved      { mocha: '~1.21.4',
38 silly resolved        rimraf: '~2.2.8',
38 silly resolved        should: '~4.0.4',
38 silly resolved        supertest: '~0.13.0' },
38 silly resolved     engines: { node: '>= 0.8.0' },
38 silly resolved     files: [ 'LICENSE', 'bin/', 'templates/' ],
38 silly resolved     scripts:
38 silly resolved      { test: 'mocha --reporter spec --bail --check-leaks test/',
38 silly resolved        'test-travis': 'mocha --reporter spec --bail --check-leaks test/' },
38 silly resolved     gitHead: 'd00f7fc2c9e3a1f22f740019bab64fc0f579146d',
38 silly resolved     bugs: { url: 'https://github.com/expressjs/generator/issues' },
38 silly resolved     homepage: 'https://github.com/expressjs/generator',
38 silly resolved     _id: 'express-generator@4.9.0',
38 silly resolved     _shasum: 'f5da999d12ae4b072f6e61055633f7ad9e49fd73',
38 silly resolved     _from: 'express-generator@',
38 silly resolved     _npmVersion: '1.4.21',
38 silly resolved     _npmUser: { name: 'dougwilson', email: 'doug@somethingdoug.com' },
38 silly resolved     maintainers: [ [Object], [Object], [Object], [Object], [Object], [Object] ],
38 silly resolved     dist:
38 silly resolved      { shasum: 'f5da999d12ae4b072f6e61055633f7ad9e49fd73',
38 silly resolved        tarball: 'http://registry.npmjs.org/express-generator/-/express-generator-4.9.0.tgz' },
38 silly resolved     directories: {},
38 silly resolved     _resolved: 'https://registry.npmjs.org/express-generator/-/express-generator-4.9.0.tgz',
38 silly resolved     readme: 'ERROR: No README data found!' } ]
39 info install express-generator@4.9.0 into /usr/local/lib
40 info installOne express-generator@4.9.0
41 verbose lib/node_modules/express-generator unbuild
42 verbose tar unpack /Users/Kingsley/.npm/express-generator/4.9.0/package.tgz
43 silly lockFile 2135fd25-b-node-modules-express-generator tar:///usr/local/lib/node_modules/express-generator
44 verbose lock tar:///usr/local/lib/node_modules/express-generator /Users/Kingsley/.npm/2135fd25-b-node-modules-express-generator.lock
45 silly lockFile 3d6bb100-ress-generator-4-9-0-package-tgz tar:///Users/Kingsley/.npm/express-generator/4.9.0/package.tgz
46 verbose lock tar:///Users/Kingsley/.npm/express-generator/4.9.0/package.tgz /Users/Kingsley/.npm/3d6bb100-ress-generator-4-9-0-package-tgz.lock
47 silly gunzTarPerm modes [ '755', '644' ]
48 error Error: EACCES, mkdir '/usr/local/lib/node_modules/express-generator'
48 error  { [Error: EACCES, mkdir '/usr/local/lib/node_modules/express-generator']
48 error   errno: 3,
48 error   code: 'EACCES',
48 error   path: '/usr/local/lib/node_modules/express-generator',
48 error   fstream_type: 'Directory',
48 error   fstream_path: '/usr/local/lib/node_modules/express-generator',
48 error   fstream_class: 'DirWriter',
48 error   fstream_stack:
48 error    [ '/usr/local/lib/node_modules/npm/node_modules/fstream/lib/dir-writer.js:36:23',
48 error      '/usr/local/lib/node_modules/npm/node_modules/mkdirp/index.js:46:53',
48 error      'Object.oncomplete (fs.js:108:15)' ] }
49 error Please try running this command again as root/Administrator.
50 error System Darwin 14.0.0
51 error command "node" "/usr/local/bin/npm" "install" "express-generator" "-g"
52 error cwd /Users/Kingsley/stuff/express
53 error node -v v0.10.35
54 error npm -v 1.4.28
55 error path /usr/local/lib/node_modules/express-generator
56 error fstream_path /usr/local/lib/node_modules/express-generator
57 error fstream_type Directory
58 error fstream_class DirWriter
59 error code EACCES
60 error errno 3
61 error stack Error: EACCES, mkdir '/usr/local/lib/node_modules/express-generator'
62 error fstream_stack /usr/local/lib/node_modules/npm/node_modules/fstream/lib/dir-writer.js:36:23
62 error fstream_stack /usr/local/lib/node_modules/npm/node_modules/mkdirp/index.js:46:53
62 error fstream_stack Object.oncomplete (fs.js:108:15)
63 verbose exit [ 3, true ]
