0 info it worked if it ends with ok
1 verbose cli [ 'node', '/usr/local/bin/npm', 'install', '-g', 'nodemon' ]
2 info using npm@1.4.28
3 info using node@v0.10.35
4 verbose cache add [ 'nodemon', null ]
5 verbose cache add name=undefined spec="nodemon" args=["nodemon",null]
6 verbose parsed url { protocol: null,
6 verbose parsed url   slashes: null,
6 verbose parsed url   auth: null,
6 verbose parsed url   host: null,
6 verbose parsed url   port: null,
6 verbose parsed url   hostname: null,
6 verbose parsed url   hash: null,
6 verbose parsed url   search: null,
6 verbose parsed url   query: null,
6 verbose parsed url   pathname: 'nodemon',
6 verbose parsed url   path: 'nodemon',
6 verbose parsed url   href: 'nodemon' }
7 silly lockFile 1625b929-nodemon nodemon
8 verbose lock nodemon /Users/Kingsley/.npm/1625b929-nodemon.lock
9 silly lockFile 1625b929-nodemon nodemon
10 silly lockFile 1625b929-nodemon nodemon
11 verbose addNamed [ 'nodemon', '' ]
12 verbose addNamed [ null, '*' ]
13 silly lockFile 4f5e51c6-nodemon nodemon@
14 verbose lock nodemon@ /Users/Kingsley/.npm/4f5e51c6-nodemon.lock
15 silly addNameRange { name: 'nodemon', range: '*', hasData: false }
16 verbose request where is /nodemon
17 verbose request registry https://registry.npmjs.org/
18 verbose request id 93305b8e3938c42e
19 verbose url raw /nodemon
20 verbose url resolving [ 'https://registry.npmjs.org/', './nodemon' ]
21 verbose url resolved https://registry.npmjs.org/nodemon
22 verbose request where is https://registry.npmjs.org/nodemon
23 info trying registry request attempt 1 at 05:48:38
24 verbose etag "1FOYFQG9FSF2PK7OTWJW6RDSW"
25 http GET https://registry.npmjs.org/nodemon
26 http 200 https://registry.npmjs.org/nodemon
27 silly registry.get cb [ 200,
27 silly registry.get   { date: 'Mon, 05 Jan 2015 05:48:39 GMT',
27 silly registry.get     server: 'CouchDB/1.5.0 (Erlang OTP/R16B03)',
27 silly registry.get     etag: '"AH30NSOR91WN3H1CY2W9OXRW4"',
27 silly registry.get     'content-type': 'application/json',
27 silly registry.get     'cache-control': 'max-age=60',
27 silly registry.get     'content-length': '134403',
27 silly registry.get     'accept-ranges': 'bytes',
27 silly registry.get     via: '1.1 varnish',
27 silly registry.get     age: '0',
27 silly registry.get     'x-served-by': 'cache-lcy1135-LCY',
27 silly registry.get     'x-cache': 'MISS',
27 silly registry.get     'x-cache-hits': '0',
27 silly registry.get     'x-timer': 'S1420436919.355335,VS0,VE83',
27 silly registry.get     vary: 'Accept',
27 silly registry.get     'keep-alive': 'timeout=10, max=50',
27 silly registry.get     connection: 'Keep-Alive' } ]
28 silly addNameRange number 2 { name: 'nodemon', range: '*', hasData: true }
29 silly addNameRange versions [ 'nodemon',
29 silly addNameRange   [ '0.1.4',
29 silly addNameRange     '0.1.5',
29 silly addNameRange     '0.1.6',
29 silly addNameRange     '0.1.7',
29 silly addNameRange     '0.1.8',
29 silly addNameRange     '0.2.0',
29 silly addNameRange     '0.2.1',
29 silly addNameRange     '0.2.2',
29 silly addNameRange     '0.3.0',
29 silly addNameRange     '0.3.1',
29 silly addNameRange     '0.3.2',
29 silly addNameRange     '0.4.0',
29 silly addNameRange     '0.4.1',
29 silly addNameRange     '0.5.0',
29 silly addNameRange     '0.5.1',
29 silly addNameRange     '0.5.2',
29 silly addNameRange     '0.5.3',
29 silly addNameRange     '0.5.4',
29 silly addNameRange     '0.5.5',
29 silly addNameRange     '0.5.6',
29 silly addNameRange     '0.5.7',
29 silly addNameRange     '0.6.0',
29 silly addNameRange     '0.6.1',
29 silly addNameRange     '0.6.2',
29 silly addNameRange     '0.6.3',
29 silly addNameRange     '0.6.4',
29 silly addNameRange     '0.6.5',
29 silly addNameRange     '0.6.6',
29 silly addNameRange     '0.6.7',
29 silly addNameRange     '0.6.8',
29 silly addNameRange     '0.6.9',
29 silly addNameRange     '0.6.10',
29 silly addNameRange     '0.6.11',
29 silly addNameRange     '0.6.12',
29 silly addNameRange     '0.6.13',
29 silly addNameRange     '0.6.14',
29 silly addNameRange     '0.6.15',
29 silly addNameRange     '0.6.16',
29 silly addNameRange     '0.6.17',
29 silly addNameRange     '0.6.18',
29 silly addNameRange     '0.6.19',
29 silly addNameRange     '0.6.20',
29 silly addNameRange     '0.6.21',
29 silly addNameRange     '0.6.22',
29 silly addNameRange     '0.6.23',
29 silly addNameRange     '0.7.0',
29 silly addNameRange     '0.7.1',
29 silly addNameRange     '0.7.2',
29 silly addNameRange     '0.7.3',
29 silly addNameRange     '0.7.4',
29 silly addNameRange     '0.7.5',
29 silly addNameRange     '0.7.6',
29 silly addNameRange     '0.7.7',
29 silly addNameRange     '0.7.8',
29 silly addNameRange     '0.7.10',
29 silly addNameRange     '0.9.0',
29 silly addNameRange     '0.9.1',
29 silly addNameRange     '0.9.2',
29 silly addNameRange     '0.9.3',
29 silly addNameRange     '0.9.5',
29 silly addNameRange     '0.9.6',
29 silly addNameRange     '0.9.7',
29 silly addNameRange     '0.9.10',
29 silly addNameRange     '0.9.11',
29 silly addNameRange     '0.9.12',
29 silly addNameRange     '0.9.14',
29 silly addNameRange     '0.9.16',
29 silly addNameRange     '0.9.17',
29 silly addNameRange     '1.0.0',
29 silly addNameRange     '1.0.1',
29 silly addNameRange     '1.0.2',
29 silly addNameRange     '1.0.2-rc',
29 silly addNameRange     '0.6.10-a',
29 silly addNameRange     '1.0.2-rc3',
29 silly addNameRange     '1.0.2-rc4',
29 silly addNameRange     '1.0.3',
29 silly addNameRange     '1.0.4',
29 silly addNameRange     '1.0.5',
29 silly addNameRange     '1.0.6',
29 silly addNameRange     '1.0.7',
29 silly addNameRange     '1.0.8',
29 silly addNameRange     '1.0.9',
29 silly addNameRange     '1.0.10',
29 silly addNameRange     '1.0.11',
29 silly addNameRange     '1.0.12',
29 silly addNameRange     '1.0.13',
29 silly addNameRange     '1.0.14',
29 silly addNameRange     '1.0.15',
29 silly addNameRange     '1.0.16',
29 silly addNameRange     '1.0.17-rc1',
29 silly addNameRange     '1.0.17-rc2',
29 silly addNameRange     '1.0.17',
29 silly addNameRange     '1.0.18',
29 silly addNameRange     '1.0.19',
29 silly addNameRange     '1.0.20',
29 silly addNameRange     '1.1.0-alpha',
29 silly addNameRange     '1.1.0',
29 silly addNameRange     '1.1.1',
29 silly addNameRange     '1.2.0',
29 silly addNameRange     '1.2.1',
29 silly addNameRange     '1.3.0-0',
29 silly addNameRange     '1.3.0-1',
29 silly addNameRange     '1.3.0-2',
29 silly addNameRange     '1.3.0-3',
29 silly addNameRange     '1.3.0-4',
29 silly addNameRange     '1.3.0-5',
29 silly addNameRange     '1.3.0-6' ] ]
30 verbose addNamed [ 'nodemon', '1.2.1' ]
31 verbose addNamed [ '1.2.1', '1.2.1' ]
32 silly lockFile 891e98f0-nodemon-1-2-1 nodemon@1.2.1
33 verbose lock nodemon@1.2.1 /Users/Kingsley/.npm/891e98f0-nodemon-1-2-1.lock
34 silly lockFile 891e98f0-nodemon-1-2-1 nodemon@1.2.1
35 silly lockFile 891e98f0-nodemon-1-2-1 nodemon@1.2.1
36 silly lockFile 4f5e51c6-nodemon nodemon@
37 silly lockFile 4f5e51c6-nodemon nodemon@
38 silly resolved [ { name: 'nodemon',
38 silly resolved     homepage: 'http://nodemon.io',
38 silly resolved     author: { name: 'Remy Sharp', url: 'http://github.com/remy' },
38 silly resolved     bin: { nodemon: './bin/nodemon.js' },
38 silly resolved     engines: { node: '>=0.8' },
38 silly resolved     repository: { type: 'git', url: 'http://github.com/remy/nodemon.git' },
38 silly resolved     description: 'Simple monitor script for use during development of a node.js app.',
38 silly resolved     keywords:
38 silly resolved      [ 'monitor',
38 silly resolved        'development',
38 silly resolved        'restart',
38 silly resolved        'autoload',
38 silly resolved        'reload',
38 silly resolved        'terminal' ],
38 silly resolved     version: '1.2.1',
38 silly resolved     preferGlobal: 'true',
38 silly resolved     licenses: [ [Object] ],
38 silly resolved     main: './lib/nodemon',
38 silly resolved     scripts:
38 silly resolved      { coverage: 'istanbul cover _mocha -- --timeout 30000 --ui bdd --reporter list test/**/*.test.js',
38 silly resolved        test: 'node_modules/mocha/bin/_mocha --timeout 30000 --ui bdd test/**/*.test.js',
38 silly resolved        web: 'node web' },
38 silly resolved     devDependencies:
38 silly resolved      { connect: '~2.19.1',
38 silly resolved        mocha: '~1.20.0',
38 silly resolved        should: '~4.0.0',
38 silly resolved        istanbul: '~0.2.10',
38 silly resolved        touch: '~0.0.3',
38 silly resolved        'coffee-script': '~1.7.1' },
38 silly resolved     dependencies:
38 silly resolved      { 'update-notifier': '~0.1.8',
38 silly resolved        minimatch: '~0.3.0',
38 silly resolved        'ps-tree': '~0.0.3' },
38 silly resolved     bugs: { url: 'https://github.com/remy/nodemon/issues' },
38 silly resolved     _id: 'nodemon@1.2.1',
38 silly resolved     dist:
38 silly resolved      { shasum: '02a288045652e92350e7d752a8054472ed2c4824',
38 silly resolved        tarball: 'http://registry.npmjs.org/nodemon/-/nodemon-1.2.1.tgz' },
38 silly resolved     _from: 'nodemon@',
38 silly resolved     _npmVersion: '1.3.24',
38 silly resolved     _npmUser: { name: 'remy', email: 'remy@remysharp.com' },
38 silly resolved     maintainers: [ [Object] ],
38 silly resolved     directories: {},
38 silly resolved     _shasum: '02a288045652e92350e7d752a8054472ed2c4824',
38 silly resolved     _resolved: 'https://registry.npmjs.org/nodemon/-/nodemon-1.2.1.tgz',
38 silly resolved     readme: 'ERROR: No README data found!' } ]
39 info install nodemon@1.2.1 into /usr/local/lib
40 info installOne nodemon@1.2.1
41 verbose lib/node_modules/nodemon unbuild
42 verbose tar unpack /Users/Kingsley/.npm/nodemon/1.2.1/package.tgz
43 silly lockFile 15c6d46c-r-local-lib-node-modules-nodemon tar:///usr/local/lib/node_modules/nodemon
44 verbose lock tar:///usr/local/lib/node_modules/nodemon /Users/Kingsley/.npm/15c6d46c-r-local-lib-node-modules-nodemon.lock
45 silly lockFile cdbb4202-ey-npm-nodemon-1-2-1-package-tgz tar:///Users/Kingsley/.npm/nodemon/1.2.1/package.tgz
46 verbose lock tar:///Users/Kingsley/.npm/nodemon/1.2.1/package.tgz /Users/Kingsley/.npm/cdbb4202-ey-npm-nodemon-1-2-1-package-tgz.lock
47 silly gunzTarPerm modes [ '755', '644' ]
48 error Error: EACCES, mkdir '/usr/local/lib/node_modules/nodemon'
48 error  { [Error: EACCES, mkdir '/usr/local/lib/node_modules/nodemon']
48 error   errno: 3,
48 error   code: 'EACCES',
48 error   path: '/usr/local/lib/node_modules/nodemon',
48 error   fstream_type: 'Directory',
48 error   fstream_path: '/usr/local/lib/node_modules/nodemon',
48 error   fstream_class: 'DirWriter',
48 error   fstream_stack:
48 error    [ '/usr/local/lib/node_modules/npm/node_modules/fstream/lib/dir-writer.js:36:23',
48 error      '/usr/local/lib/node_modules/npm/node_modules/mkdirp/index.js:46:53',
48 error      'Object.oncomplete (fs.js:108:15)' ] }
49 error Please try running this command again as root/Administrator.
50 error System Darwin 14.0.0
51 error command "node" "/usr/local/bin/npm" "install" "-g" "nodemon"
52 error cwd /Users/Kingsley/stuff/express/blog
53 error node -v v0.10.35
54 error npm -v 1.4.28
55 error path /usr/local/lib/node_modules/nodemon
56 error fstream_path /usr/local/lib/node_modules/nodemon
57 error fstream_type Directory
58 error fstream_class DirWriter
59 error code EACCES
60 error errno 3
61 error stack Error: EACCES, mkdir '/usr/local/lib/node_modules/nodemon'
62 error fstream_stack /usr/local/lib/node_modules/npm/node_modules/fstream/lib/dir-writer.js:36:23
62 error fstream_stack /usr/local/lib/node_modules/npm/node_modules/mkdirp/index.js:46:53
62 error fstream_stack Object.oncomplete (fs.js:108:15)
63 verbose exit [ 3, true ]
